0 info it worked if it ends with ok
1 verbose cli [ '/usr/bin/nodejs', '/usr/bin/npm', 'update', '-g', 'bower' ]
2 info using npm@1.4.21
3 info using node@v0.10.25
4 verbose request where is /bower
5 verbose request registry https://registry.npmjs.org/
6 verbose request id f1300fb92acc369d
7 verbose url raw /bower
8 verbose url resolving [ 'https://registry.npmjs.org/', './bower' ]
9 verbose url resolved https://registry.npmjs.org/bower
10 verbose request where is https://registry.npmjs.org/bower
11 info trying registry request attempt 1 at 23:08:25
12 verbose etag "B75PZIF9UZTD158RMY4I6WR91"
13 http GET https://registry.npmjs.org/bower
14 http 200 https://registry.npmjs.org/bower
15 silly registry.get cb [ 200,
15 silly registry.get   { date: 'Tue, 14 Apr 2015 23:08:25 GMT',
15 silly registry.get     server: 'CouchDB/1.5.0 (Erlang OTP/R16B03)',
15 silly registry.get     etag: '"KM9SSBHSCW7E4F0YW0VTTX76"',
15 silly registry.get     'content-type': 'application/json',
15 silly registry.get     'cache-control': 'max-age=60',
15 silly registry.get     'content-length': '111593',
15 silly registry.get     'accept-ranges': 'bytes',
15 silly registry.get     via: '1.1 varnish',
15 silly registry.get     age: '38',
15 silly registry.get     'x-served-by': 'cache-lhr6330-LHR',
15 silly registry.get     'x-cache': 'HIT',
15 silly registry.get     'x-cache-hits': '1',
15 silly registry.get     'x-timer': 'S1429052905.412986,VS0,VE1',
15 silly registry.get     vary: 'Accept',
15 silly registry.get     'keep-alive': 'timeout=10, max=50',
15 silly registry.get     connection: 'Keep-Alive' } ]
16 info outdated updating [ [ '/usr/local/lib', 'bower', '1.3.12', '1.4.1', '1.4.1', 'latest' ] ]
17 verbose install where,what [ '/usr/local/lib', [ 'bower@1.4.1' ] ]
18 verbose cache add [ 'bower@1.4.1', null ]
19 verbose cache add name=undefined spec="bower@1.4.1" args=["bower@1.4.1",null]
20 verbose parsed url { protocol: null,
20 verbose parsed url   slashes: null,
20 verbose parsed url   auth: null,
20 verbose parsed url   host: null,
20 verbose parsed url   port: null,
20 verbose parsed url   hostname: null,
20 verbose parsed url   hash: null,
20 verbose parsed url   search: null,
20 verbose parsed url   query: null,
20 verbose parsed url   pathname: 'bower@1.4.1',
20 verbose parsed url   path: 'bower@1.4.1',
20 verbose parsed url   href: 'bower@1.4.1' }
21 verbose cache add name="bower" spec="1.4.1" args=["bower","1.4.1"]
22 verbose parsed url { protocol: null,
22 verbose parsed url   slashes: null,
22 verbose parsed url   auth: null,
22 verbose parsed url   host: null,
22 verbose parsed url   port: null,
22 verbose parsed url   hostname: null,
22 verbose parsed url   hash: null,
22 verbose parsed url   search: null,
22 verbose parsed url   query: null,
22 verbose parsed url   pathname: '1.4.1',
22 verbose parsed url   path: '1.4.1',
22 verbose parsed url   href: '1.4.1' }
23 verbose addNamed [ 'bower', '1.4.1' ]
24 verbose addNamed [ '1.4.1', '1.4.1' ]
25 silly lockFile 185f46c0-bower-1-4-1 bower@1.4.1
26 verbose lock bower@1.4.1 /home/mindtwo/.npm/185f46c0-bower-1-4-1.lock
27 verbose registry.get https://registry.npmjs.org/bower not expired, no request
28 silly lockFile 185f46c0-bower-1-4-1 bower@1.4.1
29 silly lockFile 185f46c0-bower-1-4-1 bower@1.4.1
30 silly resolved [ { name: 'bower',
30 silly resolved     version: '1.4.1',
30 silly resolved     description: 'The browser package manager',
30 silly resolved     author: { name: 'Twitter' },
30 silly resolved     licenses: [ [Object] ],
30 silly resolved     repository: { type: 'git', url: 'https://github.com/bower/bower' },
30 silly resolved     main: 'lib',
30 silly resolved     homepage: 'http://bower.io',
30 silly resolved     engines: { node: '>=0.10.0' },
30 silly resolved     dependencies:
30 silly resolved      { abbrev: '^1.0.5',
30 silly resolved        archy: '1.0.0',
30 silly resolved        'bower-config': '^0.6.1',
30 silly resolved        'bower-endpoint-parser': '^0.2.2',
30 silly resolved        'bower-json': '^0.4.0',
30 silly resolved        'bower-logger': '^0.2.2',
30 silly resolved        'bower-registry-client': '^0.3.0',
30 silly resolved        cardinal: '0.4.4',
30 silly resolved        chalk: '^1.0.0',
30 silly resolved        chmodr: '0.1.0',
30 silly resolved        configstore: '^0.3.2',
30 silly resolved        'decompress-zip': '^0.1.0',
30 silly resolved        fstream: '^1.0.3',
30 silly resolved        'fstream-ignore': '^1.0.2',
30 silly resolved        github: '^0.2.3',
30 silly resolved        glob: '^4.3.2',
30 silly resolved        'graceful-fs': '^3.0.5',
30 silly resolved        handlebars: '^2.0.0',
30 silly resolved        inquirer: '0.8.0',
30 silly resolved        insight: '^0.5.0',
30 silly resolved        'is-root': '^1.0.0',
30 silly resolved        junk: '^1.0.0',
30 silly resolved        lockfile: '^1.0.0',
30 silly resolved        'lru-cache': '^2.5.0',
30 silly resolved        mkdirp: '0.5.0',
30 silly resolved        mout: '^0.11.0',
30 silly resolved        nopt: '^3.0.1',
30 silly resolved        opn: '^1.0.1',
30 silly resolved        'p-throttler': '0.1.1',
30 silly resolved        promptly: '0.2.0',
30 silly resolved        q: '^1.1.2',
30 silly resolved        request: '2.53.0',
30 silly resolved        'request-progress': '0.3.1',
30 silly resolved        retry: '0.6.1',
30 silly resolved        rimraf: '^2.2.8',
30 silly resolved        semver: '^2.3.0',
30 silly resolved        'shell-quote': '^1.4.2',
30 silly resolved        'stringify-object': '^1.0.0',
30 silly resolved        'tar-fs': '^1.4.1',
30 silly resolved        tmp: '0.0.24',
30 silly resolved        'update-notifier': '^0.3.0',
30 silly resolved        'user-home': '^1.1.0',
30 silly resolved        which: '^1.0.8' },
30 silly resolved     devDependencies:
30 silly resolved      { chai: '^1.10.0',
30 silly resolved        coveralls: '^2.11.2',
30 silly resolved        'expect.js': '^0.3.1',
30 silly resolved        grunt: '^0.4.5',
30 silly resolved        'grunt-cli': '^0.1.13',
30 silly resolved        'grunt-contrib-jshint': '^0.10.0',
30 silly resolved        'grunt-contrib-watch': '^0.6.1',
30 silly resolved        'grunt-exec': '^0.4.6',
30 silly resolved        'grunt-simple-mocha': '^0.4.0',
30 silly resolved        istanbul: '^0.3.5',
30 silly resolved        'load-grunt-tasks': '^2.0.0',
30 silly resolved        mocha: '^2.1.0',
30 silly resolved        multiline: '^1.0.2',
30 silly resolved        nock: '^0.56.0',
30 silly resolved        'node-uuid': '^1.4.2',
30 silly resolved        proxyquire: '^1.3.0',
30 silly resolved        'spawn-sync': '^1.0.5' },
30 silly resolved     scripts: { test: 'grunt test' },
30 silly resolved     bin: { bower: 'bin/bower' },
30 silly resolved     preferGlobal: true,
30 silly resolved     gitHead: 'a1287416d40f944d58cb8f2e774e2076bfffd32f',
30 silly resolved     bugs: { url: 'https://github.com/bower/bower/issues' },
30 silly resolved     _id: 'bower@1.4.1',
30 silly resolved     _shasum: 'a18be39d030792754f30f1c5b32d37b0156ba8dd',
30 silly resolved     _from: 'bower@1.4.1',
30 silly resolved     _npmVersion: '2.7.4',
30 silly resolved     _nodeVersion: '0.12.0',
30 silly resolved     _npmUser: { name: 'sheerun', email: 'sheerun@sher.pl' },
30 silly resolved     maintainers: [ [Object], [Object], [Object], [Object], [Object], [Object] ],
30 silly resolved     dist:
30 silly resolved      { shasum: 'a18be39d030792754f30f1c5b32d37b0156ba8dd',
30 silly resolved        tarball: 'http://registry.npmjs.org/bower/-/bower-1.4.1.tgz' },
30 silly resolved     directories: {},
30 silly resolved     _resolved: 'https://registry.npmjs.org/bower/-/bower-1.4.1.tgz',
30 silly resolved     readme: 'ERROR: No README data found!' } ]
31 info install bower@1.4.1 into /usr/local/lib
32 info installOne bower@1.4.1
33 verbose lib/node_modules/bower unbuild
34 info preuninstall bower@1.3.12
35 info uninstall bower@1.3.12
36 verbose true,/usr/local/lib/node_modules,/usr/local/lib/node_modules unbuild bower@1.3.12
37 verbose /usr/local/bin,[object Object] binRoot
38 verbose lib/node_modules/bower unbuild
39 info preuninstall bower@1.3.12
40 info uninstall bower@1.3.12
41 verbose true,/usr/local/lib/node_modules,/usr/local/lib/node_modules unbuild bower@1.3.12
42 verbose /usr/local/bin,[object Object] binRoot
43 error error rolling back Error: EACCES, unlink '/usr/local/bin/bower'
43 error error rolling back  bower@1.4.1 { [Error: EACCES, unlink '/usr/local/bin/bower'] errno: 3, code: 'EACCES', path: '/usr/local/bin/bower' }
44 error Error: EACCES, unlink '/usr/local/bin/bower'
44 error  { [Error: EACCES, unlink '/usr/local/bin/bower'] errno: 3, code: 'EACCES', path: '/usr/local/bin/bower' }
45 error Please try running this command again as root/Administrator.
46 error System Linux 3.16.0-28-generic
47 error command "/usr/bin/nodejs" "/usr/bin/npm" "update" "-g" "bower"
48 error cwd /var/www/synnous.mindtwo.de/assets
49 error node -v v0.10.25
50 error npm -v 1.4.21
51 error path /usr/local/bin/bower
52 error code EACCES
53 error errno 3
54 error stack Error: EACCES, unlink '/usr/local/bin/bower'
55 verbose exit [ 3, true ]
